2025-08-11 00:30:32, EXEC, v:1, k:especiais, mode:LOCK, size:167, fail:COMP
2025-08-11 00:30:33, EXEC, v:1, k:especiais, mode:LOCK, fail:COMP
2025-08-11 00:30:45, EXEC, v:1, k:especiais, mode:LOCK, size:167, fail:COMP
2025-08-11 00:31:34, EXEC, v:1, k:especiais, mode:LOCK, size:168, fail:COMP
2025-08-11 00:31:36, EXEC, v:1, k:especiais, mode:LOCK, fail:COMP
2025-08-11 00:31:56, EXEC, v:1, k:especiais, mode:LOCK, size:168, fail:COMP
2025-08-11 00:32:01, EXEC, v:1, k:especiais, mode:LOCK, fail:COMP
2025-08-11 00:32:20, EXEC, v:1, k:especiais, mode:LOCK, rate:0, size:169
2025-08-11 00:32:24, EXEC, v:1, k:especiais, mode:LOCK, rate:0
2025-08-11 00:32:26, EXEC, v:1, k:especiais, mode:LOCK, rate:0
2025-08-11 00:32:50, EXEC, v:1, k:especiais, mode:LOCK, rate:0, size:169
2025-08-11 00:32:52, EXEC, v:1, k:especiais, mode:LOCK, rate:0
2025-08-11 00:33:22, EXEC, v:1, k:especiais, mode:LOCK, size:170, fail:COMP
2025-08-11 00:33:24, EXEC, v:1, k:especiais, mode:LOCK, fail:COMP
2025-08-11 00:33:33, EXEC, v:1, k:especiais, mode:LOCK, rate:100, size:170
2025-08-11 00:42:15, MOVE, v:1, k:especiais, mode:BACK
2025-08-11 14:04:59, MOVE, v:1, k:especiais, mode:PICK
2025-08-11 14:05:06, EXEC, v:1, k:especiais, mode:FULL, rate:12
2025-08-11 15:23:16, MOVE, v:1, k:especiais, mode:PICK
2025-08-11 16:13:23, EXEC, v:1, k:especiais, mode:FULL, size:185, fail:COMP
2025-08-11 16:13:26, EXEC, v:1, k:especiais, mode:FULL, fail:COMP
2025-08-11 16:13:35, EXEC, v:1, k:especiais, mode:FULL, fail:COMP
2025-08-11 16:13:37, EXEC, v:1, k:especiais, mode:FULL, fail:COMP
2025-08-11 16:13:50, EXEC, v:1, k:especiais, mode:FULL, size:185, fail:COMP
2025-08-11 16:14:18, EXEC, v:1, k:especiais, mode:FULL, size:185, fail:COMP
2025-08-11 17:02:49, MOVE, v:1, k:especiais, mode:PICK
2025-08-11 17:02:55, EXEC, v:1, k:especiais, mode:FULL, size:182, fail:COMP
2025-08-11 17:03:39, EXEC, v:1, k:especiais, mode:FULL, size:182, fail:COMP
2025-08-11 17:03:50, EXEC, v:1, k:especiais, mode:FULL, size:182, fail:COMP
2025-08-11 17:05:12, EXEC, v:1, k:especiais, mode:FULL, rate:12, size:178
2025-08-11 17:07:35, EXEC, v:1, k:especiais, mode:FULL, rate:12, size:177
2025-08-11 17:07:38, EXEC, v:1, k:especiais, mode:LOCK, rate:0
2025-08-11 17:08:53, EXEC, v:1, k:especiais, mode:LOCK, rate:0, size:177
2025-08-11 17:09:50, EXEC, v:1, k:especiais, mode:LOCK, rate:0
2025-08-11 17:09:55, EXEC, v:1, k:especiais, mode:FULL, rate:12
2025-08-11 17:11:33, EXEC, v:1, k:especiais, mode:FULL, size:177, fail:COMP
2025-08-11 17:11:35, EXEC, v:1, k:especiais, mode:LOCK, fail:COMP
2025-08-11 17:11:37, EXEC, v:1, k:especiais, mode:LOCK, fail:COMP
2025-08-11 17:11:49, EXEC, v:1, k:especiais, mode:LOCK, rate:100, size:177
2025-08-11 17:11:56, EXEC, v:1, k:especiais, mode:LOCK, rate:0
2025-08-11 17:13:34, EXEC, v:1, k:especiais, mode:LOCK, rate:0, size:182
2025-08-11 17:14:31, EXEC, v:1, k:especiais, mode:LOCK, rate:0, size:182
2025-08-11 17:14:33, EXEC, v:1, k:especiais, mode:LOCK, rate:0
2025-08-11 17:14:43, EXEC, v:1, k:especiais, mode:LOCK, rate:0, size:183
2025-08-11 17:14:53, EXEC, v:1, k:especiais, mode:LOCK, rate:0, size:182
2025-08-11 17:14:57, EXEC, v:1, k:especiais, mode:LOCK, rate:0, size:181
2025-08-11 17:14:59, EXEC, v:1, k:especiais, mode:LOCK, rate:100
